[    0.000000] Linux version 4.15.0-163-generic (buildd@lcy01-amd64-021) (gcc version 7.5.0 (Ubuntu 7.5.0-3ubuntu1~18.04)) #171-Ubuntu SMP Fri Nov 5 11:55:11 UTC 2021 (Ubuntu 4.15.0-163.171-generic 4.15.18)
[    0.000000] Command line: BOOT_IMAGE=/boot/vmlinuz-4.15.0-163-generic root=LABEL=cloudimg-rootfs ro console=tty1 console=ttyS0
[    0.000000] KERNEL supported cpus:
[    0.000000]   Intel GenuineIntel
[    0.000000]   AMD AuthenticAMD
[    0.000000]   Centaur CentaurHauls
[    0.000000] x86/fpu: Supporting XSAVE feature 0x001: 'x87 floating point registers'
[    0.000000] x86/fpu: Supporting XSAVE feature 0x002: 'SSE registers'
[    0.000000] x86/fpu: Supporting XSAVE feature 0x004: 'AVX registers'
[    0.000000] x86/fpu: xstate_offset[2]:  576, xstate_sizes[2]:  256
[    0.000000] x86/fpu: Enabled xstate features 0x7, context size is 832 bytes, using 'standard' format.
[    0.000000] e820: BIOS-provided physical RAM map:
[    0.000000] BIOS-e820: [mem 0x0000000000000000-0x000000000009fbff] usable
[    0.000000] BIOS-e820: [mem 0x000000000009fc00-0x000000000009ffff] reserved
[    0.000000] BIOS-e820: [mem 0x00000000000f0000-0x00000000000fffff] reserved
[    0.000000] BIOS-e820: [mem 0x0000000000100000-0x000000003ffeffff] usable
[    0.000000] BIOS-e820: [mem 0x000000003fff0000-0x000000003fffffff] ACPI data
[    0.000000] BIOS-e820: [mem 0x00000000fec00000-0x00000000fec00fff] reserved
[    0.000000] BIOS-e820: [mem 0x00000000fee00000-0x00000000fee00fff] reserved
[    0.000000] BIOS-e820: [mem 0x00000000fffc0000-0x00000000ffffffff] reserved
[    0.000000] NX (Execute Disable) protection: active
[    0.000000] SMBIOS 2.5 present.
[    0.000000] DMI: innotek GmbH VirtualBox/VirtualBox, BIOS VirtualBox 12/01/2006
[    0.000000] Hypervisor detected: KVM
[    0.000000] e820: last_pfn = 0x3fff0 max_arch_pfn = 0x400000000
[    0.000000] MTRR: Disabled
[    0.000000] x86/PAT: MTRRs disabled, skipping PAT initialization too.
[    0.000000] CPU MTRRs all blank - virtualized system.
[    0.000000] x86/PAT: Configuration [0-7]: WB  WT  UC- UC  WB  WT  UC- UC  
[    0.000000] found SMP MP-table at [mem 0x0009fff0-0x0009ffff]
[    0.000000] Scanning 1 areas for low memory corruption
[    0.000000] RAMDISK: [mem 0x359cd000-0x36cddfff]
[    0.000000] ACPI: Early table checksum verification disabled
[    0.000000] ACPI: RSDP 0x00000000000E0000 000024 (v02 VBOX  )
[    0.000000] ACPI: XSDT 0x000000003FFF0030 00003C (v01 VBOX   VBOXXSDT 00000001 ASL  00000061)
[    0.000000] ACPI: FACP 0x000000003FFF00F0 0000F4 (v04 VBOX   VBOXFACP 00000001 ASL  00000061)
[    0.000000] ACPI: DSDT 0x000000003FFF0470 002325 (v02 VBOX   VBOXBIOS 00000002 INTL 20190509)
[    0.000000] ACPI: FACS 0x000000003FFF0200 000040
[    0.000000] ACPI: FACS 0x000000003FFF0200 000040
[    0.000000] ACPI: APIC 0x000000003FFF0240 00005C (v02 VBOX   VBOXAPIC 00000001 ASL  00000061)
[    0.000000] ACPI: SSDT 0x000000003FFF02A0 0001CC (v01 VBOX   VBOXCPUT 00000002 INTL 20190509)
[    0.000000] ACPI: Reserving FACP table memory at [mem 0x3fff00f0-0x3fff01e3]
[    0.000000] ACPI: Reserving DSDT table memory at [mem 0x3fff0470-0x3fff2794]
[    0.000000] ACPI: Reserving FACS table memory at [mem 0x3fff0200-0x3fff023f]
[    0.000000] ACPI: Reserving FACS table memory at [mem 0x3fff0200-0x3fff023f]
[    0.000000] ACPI: Reserving APIC table memory at [mem 0x3fff0240-0x3fff029b]
[    0.000000] ACPI: Reserving SSDT table memory at [mem 0x3fff02a0-0x3fff046b]
[    0.000000] No NUMA configuration found
[    0.000000] Faking a node at [mem 0x0000000000000000-0x000000003ffeffff]
[    0.000000] NODE_DATA(0) allocated [mem 0x3ffc5000-0x3ffeffff]
[    0.000000] kvm-clock: cpu 0, msr 0:3ff44001, primary cpu clock
[    0.000000] kvm-clock: Using msrs 4b564d01 and 4b564d00
[    0.000000] kvm-clock: using sched offset of 11225636513 cycles
[    0.000000] clocksource: kvm-clock: mask: 0xffffffffffffffff max_cycles: 0x1cd42e4dffb, max_idle_ns: 881590591483 ns
[    0.000000] Zone ranges:
[    0.000000]   DMA      [mem 0x0000000000001000-0x0000000000ffffff]
[    0.000000]   DMA32    [mem 0x0000000001000000-0x000000003ffeffff]
[    0.000000]   Normal   empty
[    0.000000]   Device   empty
[    0.000000] Movable zone start for each node
[    0.000000] Early memory node ranges
[    0.000000]   node   0: [mem 0x0000000000001000-0x000000000009efff]
[    0.000000]   node   0: [mem 0x0000000000100000-0x000000003ffeffff]
[    0.000000] Reserved but unavailable: 104 pages
[    0.000000] Initmem setup node 0 [mem 0x0000000000001000-0x000000003ffeffff]
[    0.000000] ACPI: PM-Timer IO Port: 0x4008
[    0.000000] IOAPIC[0]: apic_id 2, version 32, address 0xfec00000, GSI 0-23
[    0.000000] ACPI: INT_SRC_OVR (bus 0 bus_irq 0 global_irq 2 dfl dfl)
[    0.000000] ACPI: INT_SRC_OVR (bus 0 bus_irq 9 global_irq 9 low level)
[    0.000000] Using ACPI (MADT) for SMP configuration information
[    0.000000] smpboot: Allowing 2 CPUs, 0 hotplug CPUs
[    0.000000] PM: Registered nosave memory: [mem 0x00000000-0x00000fff]
[    0.000000] PM: Registered nosave memory: [mem 0x0009f000-0x0009ffff]
[    0.000000] PM: Registered nosave memory: [mem 0x000a0000-0x000effff]
[    0.000000] PM: Registered nosave memory: [mem 0x000f0000-0x000fffff]
[    0.000000] e820: [mem 0x40000000-0xfebfffff] available for PCI devices
[    0.000000] Booting paravirtualized kernel on KVM
[    0.000000] clocksource: refined-jiffies: mask: 0xffffffff max_cycles: 0xffffffff, max_idle_ns: 7645519600211568 ns
[    0.000000] random: get_random_bytes called from start_kernel+0x99/0x500 with crng_init=0
[    0.000000] setup_percpu: NR_CPUS:8192 nr_cpumask_bits:2 nr_cpu_ids:2 nr_node_ids:1
[    0.000000] percpu: Embedded 45 pages/cpu s147456 r8192 d28672 u1048576
[    0.000000] PV qspinlock hash table entries: 256 (order: 0, 4096 bytes)
[    0.000000] Built 1 zonelists, mobility grouping on.  Total pages: 257913
[    0.000000] Policy zone: DMA32
[    0.000000] Kernel command line: BOOT_IMAGE=/boot/vmlinuz-4.15.0-163-generic root=LABEL=cloudimg-rootfs ro console=tty1 console=ttyS0
[    0.000000] Memory: 982712K/1048120K available (12300K kernel code, 2483K rwdata, 4320K rodata, 2448K init, 2724K bss, 65408K reserved, 0K cma-reserved)
[    0.000000] SLUB: HWalign=64, Order=0-3, MinObjects=0, CPUs=2, Nodes=1
[    0.000000] Kernel/User page tables isolation: enabled
[    0.000000] ftrace: allocating 39476 entries in 155 pages
[    0.004000] Hierarchical RCU implementation.
[    0.004000] 	RCU restricting CPUs from NR_CPUS=8192 to nr_cpu_ids=2.
[    0.004000] 	Tasks RCU enabled.
[    0.004000] RCU: Adjusting geometry for rcu_fanout_leaf=16, nr_cpu_ids=2
[    0.004000] NR_IRQS: 524544, nr_irqs: 440, preallocated irqs: 16
[    0.004000] Console: colour VGA+ 80x25
[    0.004000] console [tty1] enabled
[    0.004000] console [ttyS0] enabled
[    0.004000] ACPI: Core revision 20170831
[    0.004000] ACPI: 2 ACPI AML tables successfully acquired and loaded
[    0.004000] APIC: Switch to symmetric I/O mode setup
[    0.008000] x2apic enabled
[    0.008050] Switched APIC routing to physical x2apic.
[    0.016000] ..TIMER: vector=0x30 apic1=0 pin1=2 apic2=-1 pin2=-1
[    0.016006] tsc: Detected 3292.376 MHz processor
[    0.020012] Calibrating delay loop (skipped) preset value.. 6584.75 BogoMIPS (lpj=13169504)
[    0.024006] pid_max: default: 32768 minimum: 301
[    0.028046] Security Framework initialized
[    0.032006] Yama: becoming mindful.
[    0.036049] AppArmor: AppArmor initialized
[    0.041558] Dentry cache hash table entries: 131072 (order: 8, 1048576 bytes)
[    0.044394] Inode-cache hash table entries: 65536 (order: 7, 524288 bytes)
[    0.048038] Mount-cache hash table entries: 2048 (order: 2, 16384 bytes)
[    0.052025] Mountpoint-cache hash table entries: 2048 (order: 2, 16384 bytes)
[    0.058487] Last level iTLB entries: 4KB 0, 2MB 0, 4MB 0
[    0.060005] Last level dTLB entries: 4KB 0, 2MB 0, 4MB 0, 1GB 0
[    0.064044] Spectre V1 : Mitigation: usercopy/swapgs barriers and __user pointer sanitization
[    0.068007] Spectre V2 : Mitigation: Full generic retpoline
[    0.072004] Spectre V2 : Spectre v2 / SpectreRSB mitigation: Filling RSB on context switch
[    0.076005] Speculative Store Bypass: Vulnerable
[    0.080085] SRBDS: Unknown: Dependent on hypervisor status
[    0.084005] MDS: Vulnerable: Clear CPU buffers attempted, no microcode
[    0.088148] Freeing SMP alternatives memory: 36K
[    0.204953] smpboot: CPU0: Intel Core Processor (Haswell, no TSX, IBRS) (family: 0x6, model: 0x3c, stepping: 0x1)
[    0.212130] Performance Events: unsupported p6 CPU model 60 no PMU driver, software events only.
[    0.220175] Hierarchical SRCU implementation.
[    0.224612] NMI watchdog: Perf event create on CPU 0 failed with -2
[    0.228006] NMI watchdog: Perf NMI watchdog permanently disabled
[    0.232112] smp: Bringing up secondary CPUs ...
[    0.236205] x86: Booting SMP configuration:
[    0.240006] .... node  #0, CPUs:      #1
[    0.004000] kvm-clock: cpu 1, msr 0:3ff44041, secondary cpu clock
[    0.274729] smp: Brought up 1 node, 2 CPUs
[    0.276008] smpboot: Max logical packages: 1
[    0.280008] smpboot: Total of 2 processors activated (13169.50 BogoMIPS)
[    0.304010] devtmpfs: initialized
[    0.308084] x86/mm: Memory block size: 128MB
[    0.312190] evm: security.selinux
[    0.316004] evm: security.SMACK64
[    0.320004] evm: security.SMACK64EXEC
[    0.324003] evm: security.SMACK64TRANSMUTE
[    0.328003] evm: security.SMACK64MMAP
[    0.332004] evm: security.apparmor
[    0.336003] evm: security.ima
[    0.340003] evm: security.capability
[    0.344194] clocksource: jiffies: mask: 0xffffffff max_cycles: 0xffffffff, max_idle_ns: 7645041785100000 ns
[    0.348017] futex hash table entries: 512 (order: 3, 32768 bytes)
[    0.352086] pinctrl core: initialized pinctrl subsystem
[    0.360005] RTC time:  3:30:49, date: 01/05/22
[    0.364962] NET: Registered protocol family 16
[    0.368089] audit: initializing netlink subsys (disabled)
[    0.372108] audit: type=2000 audit(1641353459.476:1): state=initialized audit_enabled=0 res=1
[    0.404044] cpuidle: using governor ladder
[    0.408013] cpuidle: using governor menu
[    0.412055] ACPI: bus type PCI registered
[    0.416006] acpiphp: ACPI Hot Plug PCI Controller Driver version: 0.5
[    0.424546] PCI: Using configuration type 1 for base access
[    0.433001] HugeTLB registered 2.00 MiB page size, pre-allocated 0 pages
[    0.436197] ACPI: Added _OSI(Module Device)
[    0.440009] ACPI: Added _OSI(Processor Device)
[    0.444006] ACPI: Added _OSI(3.0 _SCP Extensions)
[    0.448006] ACPI: Added _OSI(Processor Aggregator Device)
[    0.452014] ACPI: Added _OSI(Linux-Dell-Video)
[    0.456024] ACPI: Added _OSI(Linux-Lenovo-NV-HDMI-Audio)
[    0.460007] ACPI: Added _OSI(Linux-HPI-Hybrid-Graphics)
[    0.470105] ACPI: Executed 1 blocks of module-level executable AML code
[    0.479340] ACPI: Interpreter enabled
[    0.480018] ACPI: (supports S0 S5)
[    0.484005] ACPI: Using IOAPIC for interrupt routing
[    0.492031] PCI: Using host bridge windows from ACPI; if necessary, use "pci=nocrs" and report a bug
[    0.497491] ACPI: Enabled 2 GPEs in block 00 to 07
[    0.535439] ACPI: PCI Root Bridge [PCI0] (domain 0000 [bus 00-ff])
[    0.536016] acpi PNP0A03:00: _OSC: OS supports [ASPM ClockPM Segments MSI]
[    0.541405] acpi PNP0A03:00: _OSC: not requesting OS control; OS requires [ExtendedConfig ASPM ClockPM MSI]
[    0.544023] acpi PNP0A03:00: fail to add MMCONFIG information, can't access extended PCI configuration space under this bridge.
[    0.555036] PCI host bridge to bus 0000:00
[    0.556008] pci_bus 0000:00: root bus resource [io  0x0000-0x0cf7 window]
[    0.560008] pci_bus 0000:00: root bus resource [io  0x0d00-0xffff window]
[    0.564009] pci_bus 0000:00: root bus resource [mem 0x000a0000-0x000bffff window]
[    0.568008] pci_bus 0000:00: root bus resource [mem 0x40000000-0xfdffffff window]
[    0.572009] pci_bus 0000:00: root bus resource [bus 00-ff]
[    0.617284] pci 0000:00:01.1: legacy IDE quirk: reg 0x10: [io  0x01f0-0x01f7]
[    0.620007] pci 0000:00:01.1: legacy IDE quirk: reg 0x14: [io  0x03f6]
[    0.624008] pci 0000:00:01.1: legacy IDE quirk: reg 0x18: [io  0x0170-0x0177]
[    0.628009] pci 0000:00:01.1: legacy IDE quirk: reg 0x1c: [io  0x0376]
[    0.898030] pci 0000:00:07.0: quirk: [io  0x4000-0x403f] claimed by PIIX4 ACPI
[    0.940277] pci 0000:00:07.0: quirk: [io  0x4100-0x410f] claimed by PIIX4 SMB
[    1.139828] ACPI: PCI Interrupt Link [LNKA] (IRQs 5 9 10 *11)
[    1.160657] ACPI: PCI Interrupt Link [LNKB] (IRQs 5 9 *10 11)
[    1.180879] ACPI: PCI Interrupt Link [LNKC] (IRQs 5 *9 10 11)
[    1.204240] ACPI: PCI Interrupt Link [LNKD] (IRQs 5 9 10 *11)
[    1.228000] SCSI subsystem initialized
[    1.248230] pci 0000:00:02.0: vgaarb: setting as boot VGA device
[    1.252000] pci 0000:00:02.0: vgaarb: VGA device added: decodes=io+mem,owns=io+mem,locks=none
[    1.252010] pci 0000:00:02.0: vgaarb: bridge control possible
[    1.256005] vgaarb: loaded
[    1.264182] ACPI: bus type USB registered
[    1.268213] usbcore: registered new interface driver usbfs
[    1.272041] usbcore: registered new interface driver hub
[    1.276022] usbcore: registered new device driver usb
[    1.280387] EDAC MC: Ver: 3.0.0
[    1.289283] PCI: Using ACPI for IRQ routing
[    1.298268] NetLabel: Initializing
[    1.300003] NetLabel:  domain hash size = 128
[    1.304004] NetLabel:  protocols = UNLABELED CIPSOv4 CALIPSO
[    1.308046] NetLabel:  unlabeled traffic allowed by default
[    1.317130] clocksource: Switched to clocksource kvm-clock
[    1.357089] VFS: Disk quotas dquot_6.6.0
[    1.371253] VFS: Dquot-cache hash table entries: 512 (order 0, 4096 bytes)
[    1.393933] AppArmor: AppArmor Filesystem Enabled
[    1.410096] pnp: PnP ACPI init
[    1.428702] pnp: PnP ACPI: found 3 devices
[    1.565567] clocksource: acpi_pm: mask: 0xffffff max_cycles: 0xffffff, max_idle_ns: 2085701024 ns
[    1.595211] NET: Registered protocol family 2
[    1.610414] IP idents hash table entries: 16384 (order: 5, 131072 bytes)
[    1.634224] TCP established hash table entries: 8192 (order: 4, 65536 bytes)
[    1.656794] TCP bind hash table entries: 8192 (order: 5, 131072 bytes)
[    1.677325] TCP: Hash tables configured (established 8192 bind 8192)
[    1.698282] UDP hash table entries: 512 (order: 2, 16384 bytes)
[    1.717895] UDP-Lite hash table entries: 512 (order: 2, 16384 bytes)
[    1.738417] NET: Registered protocol family 1
[    1.753064] pci 0000:00:00.0: Limiting direct PCI/PCI transfers
[    1.773162] pci 0000:00:01.0: Activating ISA DMA hang workarounds
[    1.793913] pci 0000:00:02.0: Video device with shadowed ROM at [mem 0x000c0000-0x000dffff]
[    1.821944] Unpacking initramfs...
[    2.146743] Freeing initrd memory: 19524K
[    2.171093] clocksource: tsc: mask: 0xffffffffffffffff max_cycles: 0x2f752a1872e, max_idle_ns: 440795303697 ns
[    2.203378] platform rtc_cmos: registered platform RTC device (no PNP device found)
[    2.227901] Scanning for low memory corruption every 60 seconds
[    2.251067] Initialise system trusted keyrings
[    2.268113] Key type blacklist registered
[    2.282225] workingset: timestamp_bits=36 max_order=18 bucket_order=0
[    2.304744] zbud: loaded
[    2.317336] squashfs: version 4.0 (2009/01/31) Phillip Lougher
[    2.339186] fuse init (API version 7.26)
[    2.371097] Key type asymmetric registered
[    2.385524] Asymmetric key parser 'x509' registered
[    2.403243] Block layer SCSI generic (bsg) driver version 0.4 loaded (major 246)
[    2.428968] io scheduler noop registered
[    2.445070] io scheduler deadline registered
[    2.460530] io scheduler cfq registered (default)
[    2.477663] ACPI: AC Adapter [AC] (on-line)
[    2.493642] input: Power Button as /devices/LNXSYSTM:00/LNXPWRBN:00/input/input0
[    2.519315] ACPI: Power Button [PWRF]
[    2.535165] input: Sleep Button as /devices/LNXSYSTM:00/LNXSLPBN:00/input/input1
[    2.574110] ACPI: Sleep Button [SLPF]
[    2.590560] Serial: 8250/16550 driver, 32 ports, IRQ sharing enabled
[    2.696346] 00:02: ttyS0 at I/O 0x3f8 (irq = 4, base_baud = 115200) is a 16550A
[    2.736975] Linux agpgart interface v0.103
[    2.758073] loop: module loaded
[    2.774702] scsi host0: ata_piix
[    2.788576] scsi host1: ata_piix
[    2.801309] ata1: PATA max UDMA/33 cmd 0x1f0 ctl 0x3f6 bmdma 0xd000 irq 14
[    2.823490] ata2: PATA max UDMA/33 cmd 0x170 ctl 0x376 bmdma 0xd008 irq 15
[    2.846012] libphy: Fixed MDIO Bus: probed
[    2.864070] tun: Universal TUN/TAP device driver, 1.6
[    2.881743] PPP generic driver version 2.4.2
[    2.898022] ehci_hcd: USB 2.0 'Enhanced' Host Controller (EHCI) Driver
[    2.919999] ehci-pci: EHCI PCI platform driver
[    2.936183] ehci-platform: EHCI generic platform driver
[    2.954437] ohci_hcd: USB 1.1 'Open' Host Controller (OHCI) Driver
[    2.975303] ohci-pci: OHCI PCI platform driver
[    2.990679] ohci-platform: OHCI generic platform driver
[    3.020737] uhci_hcd: USB Universal Host Controller Interface driver
[    3.048341] i8042: PNP: PS/2 Controller [PNP0303:PS2K,PNP0f03:PS2M] at 0x60,0x64 irq 1,12
[    3.088943] serio: i8042 KBD port at 0x60,0x64 irq 1
[    3.109256] serio: i8042 AUX port at 0x60,0x64 irq 12
[    3.171147] mousedev: PS/2 mouse device common for all mice
[    3.193101] input: AT Translated Set 2 keyboard as /devices/platform/i8042/serio0/input/input2
[    3.226288] rtc_cmos rtc_cmos: rtc core: registered rtc_cmos as rtc0
[    3.248826] rtc_cmos rtc_cmos: alarms up to one day, 114 bytes nvram
[    3.269507] i2c /dev entries driver
[    3.282309] device-mapper: uevent: version 1.0.3
[    3.298713] device-mapper: ioctl: 4.37.0-ioctl (2017-09-20) initialised: dm-devel@redhat.com
[    3.326027] ledtrig-cpu: registered to indicate activity on CPUs
[    3.348702] NET: Registered protocol family 10
[    3.374265] Segment Routing with IPv6
[    3.387943] NET: Registered protocol family 17
[    3.403430] Key type dns_resolver registered
[    3.419271] mce: Using 0 MCE banks
[    3.431829] RAS: Correctable Errors collector initialized.
[    3.449761] sched_clock: Marking stable (3449547556, 0)->(7262784802, -3813237246)
[    3.478488] registered taskstats version 1
[    3.492653] Loading compiled-in X.509 certificates
[    3.514098] Loaded X.509 cert 'Build time autogenerated kernel key: f60a4c8d126e94dbf36c5faa43fb49029eeea9a9'
[    3.545400] Loaded X.509 cert 'Canonical Ltd. Live Patch Signing: 14df34d1a87cf37625abec039ef2bf521249b969'
[    3.576643] Loaded X.509 cert 'Canonical Ltd. Kernel Module Signing: 88f752e560a1e0737e31163a466ad7b70a850c19'
[    3.607771] zswap: loaded using pool lzo/zbud
[    3.634794] Key type big_key registered
[    3.647878] Key type trusted registered
[    3.665759] Key type encrypted registered
[    3.681715] AppArmor: AppArmor sha1 policy hashing enabled
[    3.706555] ima: No TPM chip found, activating TPM-bypass! (rc=-19)
[    3.744665] ima: Allocated hash algorithm: sha1
[    3.766606] evm: HMAC attrs: 0x1
[    3.788811]   Magic number: 6:137:512
[    3.812496] rtc_cmos rtc_cmos: setting system clock to 2022-01-05 03:30:53 UTC (1641353453)
[    3.844413] BIOS EDD facility v0.16 2004-Jun-25, 0 devices found
[    3.865736] EDD information not available.
[    3.888939] Freeing unused kernel image memory: 2448K
[    3.928449] Write protecting the kernel read-only data: 20480k
[    3.957612] Freeing unused kernel image memory: 2008K
[    3.979886] Freeing unused kernel image memory: 1824K
[    4.002271] x86/mm: Checked W+X mappings: passed, no W+X pages found.
[    4.022661] x86/mm: Checking user space page tables
[    4.044062] x86/mm: Checked W+X mappings: passed, no W+X pages found.
Loading, please wait...
starting version 237
[    4.159484] Fusion MPT base driver 3.04.20
[    4.179027] Copyright (c) 1999-2008 LSI Corporation
[    4.205001] e1000: Intel(R) PRO/1000 Network Driver - version 7.3.21-k8-NAPI
[    4.242244] e1000: Copyright (c) 1999-2006 Intel Corporation.
[    4.298717] AVX2 version of gcm_enc/dec engaged.
[    4.310639] Fusion MPT SPI Host driver 3.04.20
[    4.315417] AES CTR mode by8 optimization enabled
[    4.528613] input: ImExPS/2 Generic Explorer Mouse as /devices/platform/i8042/serio1/input/input4
[    5.884981] e1000 0000:00:03.0 eth0: (PCI:33MHz:32-bit) 02:7d:29:b7:e5:bc
[    5.907312] e1000 0000:00:03.0 eth0: Intel(R) PRO/1000 Network Connection
[    7.499696] e1000 0000:00:08.0 eth1: (PCI:33MHz:32-bit) 08:00:27:85:7b:15
[    7.521431] e1000 0000:00:08.0 eth1: Intel(R) PRO/1000 Network Connection
[    7.548814] e1000 0000:00:08.0 enp0s8: renamed from eth1
[    7.571421] mptbase: ioc0: Initiating bringup
[    7.614591] e1000 0000:00:03.0 enp0s3: renamed from eth0
[    7.962302] ioc0: LSI53C1030 A0: Capabilities={Initiator}
[   10.700653] scsi host2: ioc0: LSI53C1030 A0, FwRev=00000000h, Ports=1, MaxQ=256, IRQ=20
[   13.220510] scsi 2:0:0:0: Direct-Access     VBOX     HARDDISK         1.0  PQ: 0 ANSI: 5
[   13.284390] scsi target2:0:0: Beginning Domain Validation
[   13.314080] scsi target2:0:0: Domain Validation skipping write tests
[   13.334095] scsi target2:0:0: Ending Domain Validation
[   13.351579] scsi target2:0:0: asynchronous
[   13.367187] random: fast init done
[   13.379982] scsi 2:0:1:0: Direct-Access     VBOX     HARDDISK         1.0  PQ: 0 ANSI: 5
[   13.980808] scsi target2:0:1: Beginning Domain Validation
[   14.015246] scsi target2:0:1: Domain Validation skipping write tests
[   14.035104] scsi target2:0:1: Ending Domain Validation
[   14.053765] scsi target2:0:1: asynchronous
[   14.080642] random: systemd-udevd: uninitialized urandom read (16 bytes read)
[   14.103743] random: systemd-udevd: uninitialized urandom read (16 bytes read)
[   14.104031] sd 2:0:0:0: Attached scsi generic sg0 type 0
[   14.127056] random: systemd-udevd: uninitialized urandom read (16 bytes read)
[   14.148462] sd 2:0:1:0: Attached scsi generic sg1 type 0
[   14.167812] sd 2:0:0:0: [sda] 83886080 512-byte logical blocks: (42.9 GB/40.0 GiB)
[   14.211959] sd 2:0:0:0: [sda] Write Protect is off
[   14.229642] sd 2:0:0:0: [sda] Incomplete mode parameter data
[   14.229684] sd 2:0:1:0: [sdb] 20480 512-byte logical blocks: (10.5 MB/10.0 MiB)
[   14.247465] sd 2:0:0:0: [sda] Assuming drive cache: write through
[   14.275342]  sda: sda1
[   14.300572] sd 2:0:1:0: [sdb] Write Protect is off
[   14.317860] sd 2:0:1:0: [sdb] Incomplete mode parameter data
[   14.336641] sd 2:0:1:0: [sdb] Assuming drive cache: write through
[   14.357395] sd 2:0:0:0: [sda] Attached SCSI disk
[   14.365928] sd 2:0:1:0: [sdb] Attached SCSI disk
Begin: Loading essential drivers ... [   20.016345] raid6: sse2x1   gen() 10362 MB/s
[   20.072038] raid6: sse2x1   xor()  6016 MB/s
[   20.137273] raid6: sse2x2   gen() 15056 MB/s
[   20.196718] raid6: sse2x2   xor()  8994 MB/s
[   20.260014] raid6: sse2x4   gen() 17863 MB/s
[   20.328485] raid6: sse2x4   xor() 12343 MB/s
[   20.384506] raid6: avx2x1   gen() 20519 MB/s
[   20.444405] raid6: avx2x1   xor() 15619 MB/s
[   20.500738] raid6: avx2x2   gen() 24717 MB/s
[   20.577519] raid6: avx2x2   xor() 16765 MB/s
[   20.636218] raid6: avx2x4   gen() 29544 MB/s
[   20.693867] raid6: avx2x4   xor() 18852 MB/s
[   20.708722] raid6: using algorithm avx2x4 gen() 29544 MB/s
[   20.726835] raid6: .... xor() 18852 MB/s, rmw enabled
[   20.744264] raid6: using avx2x2 recovery algorithm
[   20.763180] xor: automatically using best checksumming function   avx       
[   20.787898] async_tx: api initialized (async)
done.
Begin: Running /scripts/init-premount ... done.
Begin: Mounting root file system ... Begin: Running /scripts/local-top ... done.
Begin: Running /scripts/local-premount ... [   20.896201] Btrfs loaded, crc32c=crc32c-intel
Scanning for Btrfs filesystems
done.
Warning: fsck not present, so skipping root file system
[   20.988229] EXT4-fs (sda1): mounted filesystem with ordered data mode. Opts: (null)
done.
Begin: Running /scripts/local-bottom ... done.
Begin: Running /scripts/init-bottom ... done.
[   21.338041] ip_tables: (C) 2000-2006 Netfilter Core Team
[   21.390917] systemd[1]: systemd 237 running in system mode. (+PAM +AUDIT +SELINUX +IMA +APPARMOR +SMACK +SYSVINIT +UTMP +LIBCRYPTSETUP +GCRYPT +GNUTLS +ACL +XZ +LZ4 +SECCOMP +BLKID +ELFUTILS +KMOD -IDN2 +IDN -PCRE2 default-hierarchy=hybrid)
[   21.464840] systemd[1]: Detected virtualization oracle.
[   21.482263] systemd[1]: Detected architecture x86-64.

Welcome to [1mUbuntu 18.04.6 LTS[0m!

[   21.574695] systemd[1]: Set hostname to <ubuntu>.
[   21.601760] systemd[1]: Initializing machine ID from random generator.
[   21.622594] systemd[1]: Installed transient /etc/machine-id file.
[   22.085637] systemd[1]: Set up automount Arbitrary Executable File Formats File System Automount Point.
[[0;32m  OK  [0m] Set up automount Arbitrary Executab…rmats File System Automount Point.
[   22.146952] systemd[1]: Created slice System Slice.
[[0;32m  OK  [0m] Created slice System Slice.
[   22.184466] systemd[1]: Listening on udev Control Socket.
[[0;32m  OK  [0m] Listening on udev Control Socket.
[   22.226168] systemd[1]: Listening on LVM2 poll daemon socket.
[[0;32m  OK  [0m] Listening on LVM2 poll daemon socket.
[[0;32m  OK  [0m] Listening on Journal Socket.
[[0;32m  OK  [0m] Listening on Journal Audit Socket.
         Mounting Huge Pages File System...
[[0;32m  OK  [0m] Listening on udev Kernel Socket.
         Starting Create list of required st…ce nodes for the current kernel...
[[0;32m  OK  [0m] Listening on Network Service Netlink Socket.
[[0;32m  OK  [0m] Created slice system-serial\x2dgetty.slice.
[[0;32m  OK  [0m] Listening on Journal Socket (/dev/log).
[[0;32m  OK  [0m] Reached target Swap.
         Starting Uncomplicated firewall...
[[0;32m  OK  [0m] Reached target System Time Synchronized.
[[0;32m  OK  [0m] Listening on LVM2 metadata daemon socket.
[[0;32m  OK  [0m] Listening on /dev/initctl Compatibility Named Pipe.
[[0;32m  OK  [0m] Reached target User and Group Name Lookups.
         Mounting POSIX Message Queue File System...
         Mounting Kernel Debug File System...
[[0;32m  OK  [0m] Listening on Device-mapper event daemon FIFOs.
         Starting udev Coldplug all Devices...
         Starting Set the console keyboard layout...
         Starting Load Kernel Modules...
[[0;32m  OK  [0m] Started Forward Password Requests to Wall Directory Watch.
[[0;32m  OK  [0m] Created slice User and Session Slice.
[[0;32m  OK  [0m] Reached target Slices.
[   22.818595] Loading iSCSI transport class v2.0-870.
         Starting Monitoring of LVM2 mirrors…ng dmeventd or progress polling...
[[0;32m  OK  [0m] Listening on fsck to fsckd communication Socket.
         Starting File System Check on Root Device...
[[0;32m  OK  [0m] Listening on Syslog Socket.
         Starting Journal Service...
[   22.920390] iscsi: registered transport (tcp)
[[0;32m  OK  [0m] Mounted Huge Pages File System.
[[0;32m  OK  [0m] Started Create list of required sta…vice nodes for the current kernel.
[[0;32m  OK  [0m] Started Uncomplicated firewall.
[[0;32m  OK  [0m] Mounted POSIX Message Queue File System.
[[0;32m  OK  [0m] Mounted Kernel Debug File System.
[[0;32m  OK  [0m] Started Journal Service.
[[0;32m  OK  [0m] Started Set the console keyboard layout.
[[0;32m  OK  [0m] Started File System Check on Root Device.
[[0;32m  OK  [0m] Started File System Check Daemon to report status.
[[0;32m  OK  [0m] Started LVM2 metadata daemon.
         Starting Remount Root and Kernel File Systems...
         Starting Create Static Device Nodes in /dev...
[   23.126928] iscsi: registered transport (iser)
[[0;32m  OK  [0m] Started udev Coldplug all Devices.
[[0;32m  OK  [0m] Started Load Kernel Modules.
         Mounting FUSE Control File System...
         Starting Apply Kernel Variables...
         Mounting Kernel Configuration File System...[   23.202262] random: crng init done
[   23.214718] random: 7 urandom warning(s) missed due to ratelimiting

[   23.236732] EXT4-fs (sda1): re-mounted. Opts: (null)
[[0;32m  OK  [0m] Started Create Static Device Nodes in /dev.
[[0;32m  OK  [0m] Started Remount Root and Kernel File Systems.
[[0;32m  OK  [0m] Started Monitoring of LVM2 mirrors,…sing dmeventd or progress polling.
[[0;32m  OK  [0m] Mounted FUSE Control File System.
[[0;32m  OK  [0m] Mounted Kernel Configuration File System.
         Starting Flush Journal to Persistent Storage...
         Starting Load/Save Random Seed...
[[0;32m  OK  [0m] Reached target Local File Systems (Pre).
[[0;32m  OK  [0m] Reached target Local File Systems.
         Starting AppArmor initialization...
         Starting ebtables ruleset management...
         Starting Commit a transient machine-id on disk...
         Starting Tell Plymouth To Write Out Runtime Data...
         Starting Set console font and keymap...
         Starting udev Kernel Device Manager...
[[0;32m  OK  [0m] Started Apply Kernel Variables.
[[0;32m  OK  [0m] Started Load/Save Random Seed.
[[0;32m  OK  [0m] Started Tell Plymouth To Write Out Runtime Data.
[[0;32m  OK  [0m] Started Set console font and keymap.
[[0;32m  OK  [0m] Started Commit a transient machine-id on disk.
[[0;32m  OK  [0m] Started Flush Journal to Persistent Storage.
         Starting Create Volatile Files and Directories...
[[0;32m  OK  [0m] Started udev Kernel Device Manager.
[[0;32m  OK  [0m] Started ebtables ruleset management.
[[0;32m  OK  [0m] Started Dispatch Password Requests to Console Directory Watch.
[[0;32m  OK  [0m] Reached target Local Encrypted Volumes.
[[0;32m  OK  [0m] Started Create Volatile Files and Directories.
         Starting Update UTMP about System Boot/Shutdown...
[[0;32m  OK  [0m] Started Update UTMP about System Boot/Shutdown.
[[0;32m  OK  [0m] Found device /dev/ttyS0.
[[0;32m  OK  [0m] Listening on Load/Save RF Kill Switch Status /dev/rfkill Watch.
[[0;32m  OK  [0m] Started AppArmor initialization.
         Starting Initial cloud-init job (pre-networking)...
         Starting Load AppArmor profiles managed internally by snapd...
[[0;32m  OK  [0m] Started Load AppArmor profiles managed internally by snapd.
[   27.027389] cloud-init[568]: Cloud-init v. 21.4-0ubuntu1~18.04.1 running 'init-local' at Wed, 05 Jan 2022 03:31:16 +0000. Up 26.60 seconds.
[[0;32m  OK  [0m] Started Initial cloud-init job (pre-networking).
[[0;32m  OK  [0m] Reached target Network (Pre).
         Starting Network Service...
[[0;32m  OK  [0m] Started Network Service.
         Starting Wait for Network to be Configured...
         Starting Network Name Resolution...
[[0;32m  OK  [0m] Started Network Name Resolution.
[[0;32m  OK  [0m] Reached target Network.
[[0;32m  OK  [0m] Reached target Host and Network Name Lookups.
[[0;32m  OK  [0m] Started Wait for Network to be Configured.
         Starting Initial cloud-init job (metadata service crawler)...
[   29.562330] cloud-init[681]: Cloud-init v. 21.4-0ubuntu1~18.04.1 running 'init' at Wed, 05 Jan 2022 03:31:19 +0000. Up 29.44 seconds.
[   29.596423] cloud-init[681]: ci-info: ++++++++++++++++++++++++++++++++++++++Net device info+++++++++++++++++++++++++++++++++++++++
[   29.629773] cloud-init[681]: ci-info: +--------+-------+----------------------------+---------------+--------+-------------------+
[   29.663522] cloud-init[681]: ci-info: | Device |   Up  |          Address           |      Mask     | Scope  |     Hw-Address    |
[   29.700425] cloud-init[681]: ci-info: +--------+-------+----------------------------+---------------+--------+-------------------+
[   29.732481] cloud-init[681]: ci-info: | enp0s3 |  True |         10.0.2.15          | 255.255.255.0 | global | 02:7d:29:b7:e5:bc |
[   29.756708] cloud-init[681]: ci-info: | enp0s3 |  True | fe80::7d:29ff:feb7:e5bc/64 |       .       |  link  | 02:7d:29:b7:e5:bc |
[   29.771914] cloud-init[681]: ci-info: | enp0s8 | False |             .              |       .       |   .    | 08:00:27:85:7b:15 |
[   29.796375] cloud-init[681]: ci-info: |   lo   |  True |         127.0.0.1          |   255.0.0.0   |  host  |         .         |
[   29.821782] cloud-init[681]: ci-info: |   lo   |  True |          ::1/128           |       .       |  host  |         .         |
[   29.849774] cloud-init[681]: ci-info: +--------+-------+----------------------------+---------------+--------+-------------------+
[   29.876619] cloud-init[681]: ci-info: ++++++++++++++++++++++++++++Route IPv4 info+++++++++++++++++++++++++++++
[   29.897376] cloud-init[681]: ci-info: +-------+-------------+----------+-----------------+-----------+-------+
[   29.918622] cloud-init[681]: ci-info: | Route | Destination | Gateway  |     Genmask     | Interface | Flags |
[   29.940485] cloud-init[681]: ci-info: +-------+-------------+----------+-----------------+-----------+-------+
[   29.961138] cloud-init[681]: ci-info: |   0   |   0.0.0.0   | 10.0.2.2 |     0.0.0.0     |   enp0s3  |   UG  |
[   29.980914] cloud-init[681]: ci-info: |   1   |   10.0.2.0  | 0.0.0.0  |  255.255.255.0  |   enp0s3  |   U   |
[   29.996937] cloud-init[681]: ci-info: |   2   |   10.0.2.2  | 0.0.0.0  | 255.255.255.255 |   enp0s3  |   UH  |
[   30.014729] cloud-init[681]: ci-info: +-------+-------------+----------+-----------------+-----------+-------+
[   30.033893] cloud-init[681]: ci-info: +++++++++++++++++++Route IPv6 info+++++++++++++++++++
[   30.049970] cloud-init[681]: ci-info: +-------+-------------+---------+-----------+-------+
[   30.072373] cloud-init[681]: ci-info: | Route | Destination | Gateway | Interface | Flags |
[   30.088517] cloud-init[681]: ci-info: +-------+-------------+---------+-----------+-------+
[   30.105044] cloud-init[681]: ci-info: |   1   |  fe80::/64  |    ::   |   enp0s3  |   U   |
[   30.117058] cloud-init[681]: ci-info: |   3   |    local    |    ::   |   enp0s3  |   U   |
[   30.131859] cloud-init[681]: ci-info: |   4   |   ff00::/8  |    ::   |   enp0s3  |   U   |
[   30.143537] cloud-init[681]: ci-info: +-------+-------------+---------+-----------+-------+
[   32.260658] cloud-init[681]: Generating public/private rsa key pair.
[   32.275445] cloud-init[681]: Your identification has been saved in /etc/ssh/ssh_host_rsa_key.
[   32.320795] cloud-init[681]: Your public key has been saved in /etc/ssh/ssh_host_rsa_key.pub.
[   32.362985] cloud-init[681]: The key fingerprint is:
[   32.384891] cloud-init[681]: SHA256:jLO9K1wyz6vHQ8TUyKhGJEEc1o4YBZRsssK+0wRNE2c root@ubuntu-bionic
[   32.419511] cloud-init[681]: The key's randomart image is:
[   32.435100] cloud-init[681]: +---[RSA 2048]----+
[   32.474381] cloud-init[681]: |+*O*oE o o       |
[[0;32m  OK  [0m] Started Initial cloud-init job (metadata service crawler).
[[0;32m  OK  [0m] Reached target System Initialization.
         Starting Socket activation for snappy daemon.[   32.510293] cloud-init[681]: |o=.+= . + .      |
[[0;32m  OK  [0m] Started Discard unused blocks once a week.
[[0;32m  OK  [0m] Listening on Open-iSCSI iscsid Socket.
[[0;32m  OK  [0m] Listening on cloud-init hotplug hook socket.
[[0;32m  OK  [0m] Listening on ACPID Listen Socket.
[[0;32m  OK  [0m] Started Ubuntu Advantage Timer for running repeated jobs.

[   32.749160] cloud-init[681]: |++o+.. o         |
[   32.767359] cloud-init[681]: |+o..+  oo        |
[   32.781470] cloud-init[681]: [[0;32m  OK  [0m] Started ACPI Events Check.
[[0;32m  OK  [0m] Listening on UUID daemon activation socket.
[[0;32m  OK  [0m] Started Daily Cleanup of Temporary Directories.
[[0;32m  OK  [0m] Started Daily apt download activities.
[[0;32m  OK  [0m] Started Message of the Day.
[[0;32m  OK  [0m] Started Daily apt upgrade and clean activities.
[[0;32m  OK  [0m] Reached target Timers.
[[0;32m  OK  [0m] Listening on D-Bus System Message Bus Socket.
[[0;32m  OK  [0m] Started Trigger to poll for Ubuntu …(Only enabled on GCP LTS non-pro).
[[0;32m  OK  [0m] Reached target Paths.
         Starting LXD - unix socket.
[[0;32m  OK  [0m] Reached target Network is Online.
[[0;32m  OK  [0m] Reached target Remote File Systems (Pre).
[[0;32m  OK  [0m] Reached target Remote File Systems.
         Starting Availability of block devices...
[[0;32m  OK  [0m] Reached target Cloud-config availability.
[[0;32m  OK  [0m] Listening on Socket activation for snappy daemon.
[[0;32m  OK  [0m] Listening on LXD - unix socket.
[[0;32m  OK  [0m] Reached target Sockets.
[[0;32m  OK  [0m] Reached target Basic System.
|o ..  o.S        |
         Starting Dispatcher daemon for systemd-networkd...[   33.040119] cloud-init[681]: | . .  o+o        |
[   33.056902] cloud-init[681]: |  +  ..O.        |
[   33.056952] cloud-init[681]: | o .  o *.       |
[   33.056991] cloud-init[681]: |  .   .+++       |
[   33.057024] cloud-init[681]: +----[SHA256]-----+
[   33.057061] cloud-init[681]: Generating public/private dsa key pair.
[   33.057097] cloud-init[681]: Your identification has been saved in /etc/ssh/ssh_host_dsa_key.
[   33.057134] cloud-init[681]: Your public key has been saved in /etc/ssh/ssh_host_dsa_key.pub.
[   33.057166] cloud-init[681]: The key fingerprint is:
[   33.057197] cloud-init[681]: SHA256:btII25ZbXCvQ4klj0BtI9DVU9l0EkbNFd2C04JAh22I root@ubuntu-bionic
[   33.057235] cloud-init[681]: The key's randomart image is:
[   33.057268] cloud-init[681]: +---[DSA 1024]----+
[   33.057302] cloud-init[681]: |   .o  .=.=o..*B*|
[   33.057337] cloud-init[681]: |   . + . *.+ +oo+|
[   33.057372] cloud-init[681]: |    o + E . o o+ |
[   33.057407] cloud-init[681]: |     . = .    .  |
[   33.057438] cloud-init[681]: |    . B S .      |
[   33.057469] cloud-init[681]: |     B @ . .     |
[   33.057502] cloud-init[681]: |    . O B .      |
[   33.057536] cloud-init[681]: |     . = .       |

[   33.057793] cloud-init         Starting Pollinate to seed the pseudo random number generator...
         Starting LSB: Record successful boot for GRUB...
[681]: |      .          |         Starting System Logging Service...

         Starting Login Service...
[   33.506407] cloud-init[681]: [[0;32m  OK  [0m] Started irqbalance daemon.
         Starting LSB: automatic crash report generation...
         Starting Accounts Service...
+----[SHA256]-----+[[0;32m  OK  [0m] Started Deferred execution scheduler.
         Starting Virtualbox guest utils...
         Starting Permit User Sessions...
         Starting LXD - container startup/shutdown...
[[0;32m  OK  [0m] Started FUSE filesystem for LXC.
[[0;32m  OK  [0m] Started D-Bus System Message Bus.

[   33.730524] cloud-init[681]: Generating public/private ecdsa key pair.
[   33.781496] cloud-init[681]: Your identification has been saved in /etc/ssh/ssh_host_ecdsa_key.
[   33.846416] cloud-init[681]: Your public key has been saved in /etc/ssh/ssh_host_ecdsa_key.pub.
[   33.868863] cloud-init[681]: The key fingerprint is:
[   33.888933] cloud-init[681]: SHA256:pB3mgs5ILVecXYeW+DZdIqG6347+aOTHP6ukVjUbVsQ root@ubuntu-bionic
[   33.918178] cloud-init[681]: The key's randomart image is:
[   33.939131] cloud-init[681]: +---[ECDSA 256]---+
[   33.957337] cloud-init[681]: |         .o+.o.  |
[   33.980500] cloud-init[681]: |     . o.o=.. E  |
[   34.010451] cloud-init[681]: |      + *o o +   |
[   34.035725] cloud-init[681]: |   . o B .+ *    |
[   34.062861] cloud-init[681]: |  o + + S. + +   |
[   34.095816] cloud-init[681]: | . *   o. . .    |
[   34.125002] cloud-init[681]: |  . o .o o.      |
[   34.138091] cloud-init[681]: |       .+*o .    |
[   34.150206] cloud-init[681]: |       +*+=ooo   |
[   34.182946] cloud-init[681]: +----[SHA256]-----+
[   34.220464] cloud-init[681]: Generating public/private ed25519 key pair.
[   34.244588] cloud-init[681]: Your identification has been saved in /etc/ssh/ssh_host_ed25519_key.
[   34.266751] cloud-init[681]: Your public key has been saved in /etc/ssh/ssh_host_ed25519_key.pub.
[   34.310434] cloud-init[681]: The key fingerprint is:
[   34.348034] cloud-init[681]: SHA256:LgQUjgG70Jb9098M4ukogSdmFsRX7cS0+jNYEnudjyk root@ubuntu-bionic
[   34.401923] cloud-init[[0;32m  OK  [0m] Started Login Service.
[681]: The key's randomart image is:
[[0;32m  OK  [0m] Started Unattended Upgrades Shutdown.
[   34.443385] cloud-init[681]: +--[ED25519 256]--+
[   34.485452] cloud-init[681]: |.o. oo.+.        |
[   34.512967] cloud-init[681]: | ooB.   +.       |
[   34.540800] cloud-init[681]: [[0;32m  OK  [0m] Started Regular background program processing daemon.
         Starting Snap Daemon...
[[0;32m  OK  [0m] Started System Logging Service.
[[0;32m  OK  [0m] Started Availability of block devices.
[[0;32m  OK  [0m] Started Permit User Sessions.
         Starting Hold until boot process finishes up...
         Starting Terminate Plymouth Boot Screen...
         Starting Authorization Manager...
[[0;32m  OK  [0m] Started Dispatcher daemon for systemd-networkd.
|o.=.+ .o.        |
[   34.723295] cloud-init[681]: |.o.  o =.. .     |
[[0;32m  OK  [0m] Started Hold until boot process finishes up.
[[0;32m  OK  [0m] Started Terminate Plymouth Boot Screen.
[   34.763260] cloud-init[681]: |.  o  B S +      |
[   34.838723] cloud-init[681]: |  * o. X + B     |
[   34.838815] cloud-init[681]: | + o .o E + +    |
[   34.849894] cloud-init[681]: |    .  + +       |
[[0;32m  OK  [0m] Started Serial Getty on ttyS0.
         Starting Set console scheme...
[   34.883828] cloud-init[681]: |     .. .        |
[   34.991471] cloud-init[681]: +----[SHA256]-----+
[[0;32m  OK  [0m] Started Set console scheme.
[[0;32m  OK  [0m] Created slice system-getty.slice.
[[0;32m  OK  [0m] Started Getty on tty1.
[[0;32m  OK  [0m] Reached target Login Prompts.
[[0;32m  OK  [0m] Started Authorization Manager.
[[0;32m  OK  [0m] Started Accounts Service.
[[0;32m  OK  [0m] Started LSB: automatic crash report generation.
[[0;32m  OK  [0m] Started LSB: Record successful boot for GRUB.
[[0;32m  OK  [0m] Started Virtualbox guest utils.
[[0;32m  OK  [0m] Started LXD - container startup/shutdown.
[[0;32m  OK  [0m] Started Snap Daemon.
         Starting Wait until snapd is fully seeded...
[[0;32m  OK  [0m] Started Pollinate to seed the pseudo random number generator.
         Starting OpenBSD Secure Shell server...
[[0;32m  OK  [0m] Started OpenBSD Secure Shell server.
[[0;32m  OK  [0m] Created slice User Slice of vagrant.
         Starting User Manager for UID 1000...
[[0;32m  OK  [0m] Started Session 1 of user vagrant.
[[0;32m  OK  [0m] Started User Manager for UID 1000.
[[0;32m  OK  [0m] Started Wait until snapd is fully seeded.
         Starting Apply the settings specified in cloud-config...
[[0;32m  OK  [0m] Reached target Multi-User System.
[[0;32m  OK  [0m] Reached target Graphical Interface.
         Starting Update UTMP about System Runlevel Changes...
[[0;32m  OK  [0m] Started Update UTMP about System Runlevel Changes.
[   40.102403] cloud-init[1248]: Cloud-init v. 21.4-0ubuntu1~18.04.1 running 'modules:config' at Wed, 05 Jan 2022 03:31:29 +0000. Up 39.57 seconds.
ci-info: no authorized SSH keys fingerprints found for user ubuntu.
<14>Jan  5 03:31:30 cloud-init: #############################################################
<14>Jan  5 03:31:30 cloud-init: -----BEGIN SSH HOST KEY FINGERPRINTS-----
<14>Jan  5 03:31:30 cloud-init: 1024 SHA256:btII25ZbXCvQ4klj0BtI9DVU9l0EkbNFd2C04JAh22I root@ubuntu-bionic (DSA)
<14>Jan  5 03:31:30 cloud-init: 256 SHA256:pB3mgs5ILVecXYeW+DZdIqG6347+aOTHP6ukVjUbVsQ root@ubuntu-bionic (ECDSA)
<14>Jan  5 03:31:30 cloud-init: 256 SHA256:LgQUjgG70Jb9098M4ukogSdmFsRX7cS0+jNYEnudjyk root@ubuntu-bionic (ED25519)
<14>Jan  5 03:31:30 cloud-init: 2048 SHA256:jLO9K1wyz6vHQ8TUyKhGJEEc1o4YBZRsssK+0wRNE2c root@ubuntu-bionic (RSA)
<14>Jan  5 03:31:30 cloud-init: -----END SSH HOST KEY FINGERPRINTS-----
<14>Jan  5 03:31:30 cloud-init: #############################################################
-----BEGIN SSH HOST KEY KEYS-----
ecdsa-sha2-nistp256 AAAAE2VjZHNhLXNoYTItbmlzdHAyNTYAAAAIbmlzdHAyNTYAAABBBBKYVAaYnxlcOm8R6O+Usk3tJwv3gdSXg4ytr83jzyVFpbgF36qo60EeJd9unz29y+f/YBngaEo6Y/+k/qnSimU= root@ubuntu-bionic
ssh-ed25519 AAAAC3NzaC1lZDI1NTE5AAAAIG6Ii2fvjwkgfNTZpnBPUrD9+X/SLAMN5gUVSC/QI5Sr root@ubuntu-bionic
ssh-rsa AAAAB3NzaC1yc2EAAAADAQABAAABAQDH/DFUaxqPjHl3yB0RLRo+W7XXYziyYmjhLP0sourfg09NKnmcVmJvosvij/CuGKEJz9wC2hluV8Se4cxmmFtUyorj2StPfW3f6KYUVWrdqWd8GX2GvGk0cISOnqKYvZYYjHXZ7NSGVLb98xNPOu+ERFMmjUMaVzYCIaw6FDQaH9zW9B8XlgiGTQlqoYxk0VJYgRtx7FeTL6ghok9kojNqa5UXBBhwpeiYpJzc5vhoGjSuB+l0SlX8qUGWE5PLN0fAMlT5OoWeTqXSloUS+g6+Ib6O3I06lrvy2W0iWJr0H+ZGqlm8krjc7w9HvbZCwPTcNqEIQ6Zw08RAGaRUzsAV root@ubuntu-bionic
-----END SSH HOST KEY KEYS-----

[   40.954161] cloud-init[1407]: Cloud-init v. 21.4-0ubuntu1~18.04.1 running 'modules:final' at Wed, 05 Jan 2022 03:31:30 +0000. Up 40.65 seconds.
[   40.954244] cloud-init[1407]: ci-info: no authorized SSH keys fingerprints found for user ubuntu.
[   40.954301] cloud-init[1407]: Cloud-init v. 21.4-0ubuntu1~18.04.1 finished at Wed, 05 Jan 2022 03:31:30 +0000. Datasource DataSourceNoCloud [seed=/dev/sdb][dsmode=net].  Up 40.84 seconds
Ubuntu 18.04.6 LTS ubuntu-bionic ttyS0

ubuntu-bionic login: 